<?xml version="1.0" encoding="UTF-8"?>
<!-- Generated by org.testng.reporters.JUnitReportReporter -->
<testsuite hostname="DESKTOP-5HG1GS6" failures="0" tests="1" name="tests.SpecificFormPageTest" time="16.583" errors="0" timestamp="2022-01-18T17:17:01 IST" skipped="0">
  <testcase classname="tests.SpecificFormPageTest" name="currentPage" time="16.583"/>
  <system-out/>
</testsuite> <!-- tests.SpecificFormPageTest -->
