<?xml version="1.0" encoding="UTF-8"?>
<!-- Generated by org.testng.reporters.JUnitReportReporter -->
<testsuite hostname="DESKTOP-5HG1GS6" failures="0" tests="1" name="tests.ViewMyFormsTest" time="15.322" errors="0" timestamp="2022-01-12T17:25:24 IST" skipped="0">
  <testcase classname="tests.ViewMyFormsTest" name="dropDownFail" time="15.322"/>
  <system-out/>
</testsuite> <!-- tests.ViewMyFormsTest -->
