<?xml version="1.0" encoding="UTF-8"?>
<!-- Generated by org.testng.reporters.JUnitReportReporter -->
<testsuite skipped="0" hostname="DESKTOP-5HG1GS6" name="tests.SpecificFormPageTest" tests="1" failures="0" timestamp="27 ינו 2022 09:58:59 GMT" time="17.085" errors="0">
  <testcase name="currentPage" time="17.085" classname="tests.SpecificFormPageTest"/>
</testsuite> <!-- tests.SpecificFormPageTest -->
