<?xml version="1.0" encoding="UTF-8"?>
<!-- Generated by org.testng.reporters.JUnitReportReporter -->
<testsuite skipped="0" hostname="DESKTOP-5HG1GS6" name="tests.AccountTest" tests="1" failures="0" timestamp="27 ינו 2022 09:58:59 GMT" time="12.814" errors="0">
  <testcase name="isExist" time="12.814" classname="tests.AccountTest"/>
</testsuite> <!-- tests.AccountTest -->
